<?xml version="1.0" encoding="UTF-8"?>
<!-- Generated by org.testng.reporters.JUnitReportReporter -->
<testsuite hostname="Yoga6iRohit" failures="0" tests="1" name="com.itlearn.testcases.DemoTest" time="0.017" errors="0" timestamp="2024-02-06T12:53:28 IST" skipped="0">
  <testcase classname="com.itlearn.testcases.DemoTest" name="DemoTest1" time="0.017"/>
  <system-out/>
</testsuite> <!-- com.itlearn.testcases.DemoTest -->
