<?xml version="1.0" encoding="UTF-8"?>
<!-- Generated by org.testng.reporters.JUnitReportReporter -->
<testsuite hostname="Yoga6iRohit" failures="0" tests="1" name="com.itlearn.testcases.SearchTestCase" time="10.343" errors="0" timestamp="2024-02-13T01:22:39 IST" skipped="0">
  <testcase classname="com.itlearn.testcases.SearchTestCase" name="searchCourseTest" time="10.343"/>
  <system-out/>
</testsuite> <!-- com.itlearn.testcases.SearchTestCase -->
