<?xml version="1.0" encoding="UTF-8"?>
<!-- Generated by org.testng.reporters.JUnitReportReporter -->
<testsuite hostname="Yoga6iRohit" failures="0" tests="1" name="com.itlearn.testcases.LoginTest" time="5.595" errors="0" timestamp="2024-02-11T15:06:17 IST" skipped="0">
  <testcase classname="com.itlearn.testcases.LoginTest" name="verifyLogin" time="5.595"/>
  <system-out/>
</testsuite> <!-- com.itlearn.testcases.LoginTest -->
