<?xml version="1.0" encoding="UTF-8"?>
<!-- Generated by org.testng.reporters.JUnitReportReporter -->
<testsuite hostname="Yoga6iRohit" failures="0" tests="1" name="TestCases.DemoTest" time="0.007" errors="0" timestamp="2024-01-24T11:33:53 IST" skipped="0">
  <testcase classname="TestCases.DemoTest" name="DemoTest1" time="0.007"/>
</testsuite> <!-- TestCases.DemoTest -->
