<?xml version="1.0" encoding="UTF-8"?>
<!-- Generated by org.testng.reporters.JUnitReportReporter -->
<testsuite hostname="Yoga6iRohit" failures="0" tests="3" name="com.itlearn.testcases.DashboardOptionTest" time="34.867" errors="0" timestamp="2024-02-17T19:44:50 IST" skipped="0">
  <testcase classname="com.itlearn.testcases.DashboardOptionTest" name="VerifyLogin" time="15.184"/>
  <system-out/>
  <testcase classname="com.itlearn.testcases.DashboardOptionTest" name="fetchDashboardText" time="6.102"/>
  <system-out/>
  <testcase classname="com.itlearn.testcases.DashboardOptionTest" name="offerAcacdmeicClick" time="13.581"/>
  <system-out/>
</testsuite> <!-- com.itlearn.testcases.DashboardOptionTest -->
